0 info it worked if it ends with ok
1 verbose cli [ '/usr/bin/nodejs', '/usr/bin/npm', 'start' ]
2 info using npm@2.15.11
3 info using node@v4.8.4
4 verbose config Skipping project config: /home/nickolas/.npmrc. (matches userconfig)
5 verbose run-script [ 'prestart', 'start', 'poststart' ]
6 info prestart nickolas@0.0.0
7 info start nickolas@0.0.0
8 verbose unsafe-perm in lifecycle true
9 info nickolas@0.0.0 Failed to exec start script
10 verbose stack Error: nickolas@0.0.0 start: `node ./bin/www`
10 verbose stack Exit status 1
10 verbose stack     at EventEmitter.<anonymous> (/usr/lib/node_modules/npm/lib/utils/lifecycle.js:217:16)
10 verbose stack     at emitTwo (events.js:87:13)
10 verbose stack     at EventEmitter.emit (events.js:172:7)
10 verbose stack     at ChildProcess.<anonymous> (/usr/lib/node_modules/npm/lib/utils/spawn.js:24:14)
10 verbose stack     at emitTwo (events.js:87:13)
10 verbose stack     at ChildProcess.emit (events.js:172:7)
10 verbose stack     at maybeClose (internal/child_process.js:862:16)
10 verbose stack     at Process.ChildProcess._handle.onexit (internal/child_process.js:222:5)
11 verbose pkgid nickolas@0.0.0
12 verbose cwd /home/nickolas/cs1300/filter
13 error Linux 4.10.0-38-generic
14 error argv "/usr/bin/nodejs" "/usr/bin/npm" "start"
15 error node v4.8.4
16 error npm  v2.15.11
17 error code ELIFECYCLE
18 error nickolas@0.0.0 start: `node ./bin/www`
18 error Exit status 1
19 error Failed at the nickolas@0.0.0 start script 'node ./bin/www'.
19 error This is most likely a problem with the nickolas package,
19 error not with npm itself.
19 error Tell the author that this fails on your system:
19 error     node ./bin/www
19 error You can get information on how to open an issue for this project with:
19 error     npm bugs nickolas
19 error Or if that isn't available, you can get their info via:
19 error
19 error     npm owner ls nickolas
19 error There is likely additional logging output above.
20 verbose exit [ 1, true ]
